C51 COMPILER V9.00   DIPSWITCH                                                             02/04/2021 12:11:34 PAGE 1   


C51 COMPILER V9.00, COMPILATION OF MODULE DIPSWITCH
OBJECT MODULE PLACED IN dipSwitch.OBJ
COMPILER INVOKED BY: C:\Keil\C51\BIN\C51.EXE dipSwitch.c BROWSE DEBUG OBJECTEXTEND

line level    source

   1          #include<reg51.h>
   2          
   3          /*
   4                  The 8051 Development board has eight numbers of point LEDs, 
   5                  connected with I/O Port lines (P0.0 – P0.7) to make port pins high. 
   6                  Eight switches, connected with I/O port lines (P2.0 – P2.7) are used to control eight LEDs.
   7          */
   8          
   9          sbit a=P0^0;
  10          sbit b=P0^1;
  11          sbit c=P0^2;
  12          sbit d=P0^3;
  13          sbit e=P0^4;
  14          sbit f=P0^5;
  15          sbit g=P0^6;
  16          sbit h=P0^7;
  17          sbit a1=P2^0;
  18          sbit b1=P2^1;
  19          sbit c1=P2^2;
  20          sbit d1=P2^3;
  21          sbit e1=P2^4;
  22          sbit f1=P2^5;
  23          sbit g1=P2^6;
  24          sbit h1=P2^7;
  25          
  26          void main(){    
  27   1              
  28   1              P0=0x00;          //all LED are off initialy
  29   1              P2=0x00;          // all switch are off initially
  30   1              while(1)
  31   1              { 
  32   2      /*
  33   2              When any of the switch(a1,b1,c1,d1,e1,f1,g1,h1) is on i.e equals to 1 
  34   2              corresponding LED(a,b,c,d,e,f,g,h) should also be on i,e 1
  35   2      */
  36   2      
  37   2                      if(a1==1)       
  38   2                      { 
  39   3                              a=1;    
  40   3                      }
  41   2                      if(b1==1)
  42   2                      {
  43   3                              b=1; 
  44   3                      }
  45   2                      if(c1==1)
  46   2                      {
  47   3                              c=1;   
  48   3                      }
  49   2                      if(d1==1)
  50   2                      {
  51   3                              d=1;
  52   3                      }
  53   2      
  54   2                      if(e1==1)
  55   2                      {
C51 COMPILER V9.00   DIPSWITCH                                                             02/04/2021 12:11:34 PAGE 2   

  56   3                              e=1 ; 
  57   3                      }
  58   2                      if(f1==1)
  59   2                      {
  60   3                              f=1;   
  61   3                      }
  62   2                      if(g1==1)
  63   2                      {
  64   3                              g=1;
  65   3                      } 
  66   2                      if(h1==1)
  67   2                      {
  68   3                              h=1; 
  69   3                      }
  70   2      
  71   2      ////////////////////////////////////////
  72   2      
  73   2      /*
  74   2              When any of the switch(a1,b1,c1,d1,e1,f1,g1,h1) is off i.e equals to 0 
  75   2              corresponding LED(a,b,c,d,e,f,g,h) should also be off i,e 0
  76   2      */
  77   2      
  78   2                      if(a1==0)
  79   2                      { 
  80   3                              a=0;    
  81   3                      }
  82   2                      if(b1==0)
  83   2                      {
  84   3                              b=0; 
  85   3                      }
  86   2                      if(c1==0)
  87   2                      {
  88   3                              c=0;   
  89   3                      }
  90   2                      if(d1==0)
  91   2                      {
  92   3                              d=0;
  93   3                      }
  94   2      
  95   2                      if(e1==0)
  96   2                      {
  97   3                              e=0 ; 
  98   3                      }
  99   2                      if(f1==0)
 100   2                      {
 101   3                              f=0;   
 102   3                      }
 103   2                      if(g1==0)
 104   2                      {
 105   3                              g=0;
 106   3                      } 
 107   2                      if(h1==0)
 108   2                      {
 109   3                              h=0; 
 110   3                      }
 111   2      
 112   2              } 
 113   1              
 114   1      } 


MODULE INFORMATION:   STATIC OVERLAYABLE
C51 COMPILER V9.00   DIPSWITCH                                                             02/04/2021 12:11:34 PAGE 3   

   CODE SIZE        =     87    ----
   CONSTANT SIZE    =   ----    ----
   XDATA SIZE       =   ----    ----
   PDATA SIZE       =   ----    ----
   DATA SIZE        =   ----    ----
   IDATA SIZE       =   ----    ----
   BIT SIZE         =   ----    ----
END OF MODULE INFORMATION.


C51 COMPILATION COMPLETE.  0 WARNING(S),  0 ERROR(S)
