C51 COMPILER V9.00   PROG3                                                                 01/28/2021 11:38:24 PAGE 1   


C51 COMPILER V9.00, COMPILATION OF MODULE PROG3
OBJECT MODULE PLACED IN Prog3.OBJ
COMPILER INVOKED BY: C:\Keil\C51\BIN\C51.EXE Prog3.c BROWSE DEBUG OBJECTEXTEND

line level    source

   1          ////relay buzzer------Port P1//////
   2          #include<reg51.h>
   3          void delay()
   4          {
   5   1              int j;
   6   1              for(j=0;j<2000;j++);
   7   1      }
   8          void main()
   9          { 
  10   1              char k;
  11   1              while(1)
  12   1              {
  13   2                      P1=0x01;
  14   2                      delay();
  15   2                      for(k=0;k<3;k++)
  16   2                      {
  17   3                              delay();delay();delay();
  18   3                              P1=P1<<1;
  19   3                              delay();
  20   3                              delay();
  21   3                              delay();
  22   3                      }
  23   2              }
  24   1      }


MODULE INFORMATION:   STATIC OVERLAYABLE
   CODE SIZE        =     47    ----
   CONSTANT SIZE    =   ----    ----
   XDATA SIZE       =   ----    ----
   PDATA SIZE       =   ----    ----
   DATA SIZE        =   ----    ----
   IDATA SIZE       =   ----    ----
   BIT SIZE         =   ----    ----
END OF MODULE INFORMATION.


C51 COMPILATION COMPLETE.  0 WARNING(S),  0 ERROR(S)
