C51 COMPILER V9.00   LED                                                                   01/30/2020 14:46:54 PAGE 1   


C51 COMPILER V9.00, COMPILATION OF MODULE LED
OBJECT MODULE PLACED IN led.OBJ
COMPILER INVOKED BY: C:\Keil\C51\BIN\C51.EXE led.c BROWSE DEBUG OBJECTEXTEND

line level    source

   1          ////led------Port P0 ////
   2          # include<reg51.h>
   3          
   4          void delay();
   5          
   6          void main(){    
   7   1              while(1){
   8   2                      P0=0X01;
   9   2                      delay();
  10   2                      P0=0X02;
  11   2                      delay();
  12   2                      P0=0X04;
  13   2                      delay();                        
  14   2                      P0=0X08;
  15   2                      delay();
  16   2                      P0=0X10;
  17   2                      delay();
  18   2                      P0=0X20;
  19   2                      delay();
  20   2                      P0=0X40;
  21   2                      delay();
  22   2                      P0=0X80;
  23   2                      delay();
  24   2              }
  25   1      }
  26          void delay(){
  27   1              int i;
  28   1              for(i=0;i<=30000;i++);
  29   1      }


MODULE INFORMATION:   STATIC OVERLAYABLE
   CODE SIZE        =     65    ----
   CONSTANT SIZE    =   ----    ----
   XDATA SIZE       =   ----    ----
   PDATA SIZE       =   ----    ----
   DATA SIZE        =   ----    ----
   IDATA SIZE       =   ----    ----
   BIT SIZE         =   ----    ----
END OF MODULE INFORMATION.


C51 COMPILATION COMPLETE.  0 WARNING(S),  0 ERROR(S)
