C51 COMPILER V9.00   DECREASINGCOUNTER                                                     02/04/2021 11:22:16 PAGE 1   


C51 COMPILER V9.00, COMPILATION OF MODULE DECREASINGCOUNTER
OBJECT MODULE PLACED IN decreasingCounter.OBJ
COMPILER INVOKED BY: C:\Keil\C51\BIN\C51.EXE decreasingCounter.c BROWSE DEBUG OBJECTEXTEND

line level    source

   1          /***************Seven Segments***************/
   2          /***************Connections******************/
   3          /**********             SS data --- PORT 0          ******/
   4          /**********             SS control --- PORT 1/2 ******/
   5          #include<reg51.h>
   6          char arr[10] = {0xef, 0xff, 0x87, 0xfd, 0xed, 0xe6, 0xcf, 0xdb, 0x86, 0xbf};
   7          /*
   8                  (dp)gfedcba decides which segment (from provided 8 segment) to be active according to the bits that are s
             -et
   9                  (here dp means decimal point)
  10          
  11                  0xbf = '0.'
  12                  0x86 = '1.'
  13                  0xdb = '2.'
  14                  0xcf = '3.'
  15                  0xe6 = '4.'
  16                  0xed = '5.'
  17                  0xfd = '6.'
  18                  0x87 = '7.'
  19                  0xff = '8.'
  20                  0xef = '9.'
  21          */
  22          
  23          // Counter from 0.0.0.0. to 9.9.9.9.
  24          
  25          
  26          void delay(void);
  27          void main(void)
  28          {
  29   1              int i,j,k,l,m;  
  30   1              for(l=0;l<1;l++)
  31   1              {
  32   2                      for(k=0;k<1;k++)
  33   2                      {
  34   3                              for(j=0;j<1;j++)
  35   3                              {
  36   4                                      for(i=0;i<10;i++)
  37   4                                      {
  38   5                                              for(m=0;m<50;m++)
  39   5                                              {
  40   6                                              P2=0x01;   // choses rightmost display
  41   6                                              P0=arr[i];       // sending data
  42   6                                              
  43   6                                              delay();
  44   6                                              P2=0x02;   // choses 2nd display from right
  45   6                                              P0=arr[j];         // sending data
  46   6                                              delay();
  47   6                                              P2=0x04;   // choses 3rd display from right
  48   6                                              P0=arr[k];         // sending data
  49   6                                              
  50   6                                              delay();
  51   6                                              P2=0x08;   // choses leftmost display
  52   6                                              P0=arr[l];         //sending data
  53   6                                              delay();                   
  54   6                                              }
C51 COMPILER V9.00   DECREASINGCOUNTER                                                     02/04/2021 11:22:16 PAGE 2   

  55   5                                      }
  56   4                              
  57   4      
  58   4                              }
  59   3                      
  60   3                      }
  61   2              }
  62   1      }
  63          void delay(void)          // Causes delay
  64          {
  65   1              int f;
  66   1              for(f=0;f<1000;f++);
  67   1      }


MODULE INFORMATION:   STATIC OVERLAYABLE
   CODE SIZE        =    186    ----
   CONSTANT SIZE    =   ----    ----
   XDATA SIZE       =   ----    ----
   PDATA SIZE       =   ----    ----
   DATA SIZE        =     10      10
   IDATA SIZE       =   ----    ----
   BIT SIZE         =   ----    ----
END OF MODULE INFORMATION.


C51 COMPILATION COMPLETE.  0 WARNING(S),  0 ERROR(S)
