C51 COMPILER V9.00   HEX_7SEGMENT                                                          03/09/2021 20:03:19 PAGE 1   


C51 COMPILER V9.00, COMPILATION OF MODULE HEX_7SEGMENT
OBJECT MODULE PLACED IN hex_7segment.OBJ
COMPILER INVOKED BY: C:\Keil\C51\BIN\C51.EXE hex_7segment.c BROWSE DEBUG OBJECTEXTEND

line level    source

   1          /***************Seven Segments***************/
   2          /***************Connections******************/
   3          /**********             SS data --- PORT 0          ******/
   4          /**********             SS control --- PORT 2   ******/
   5          #include<reg51.h>
   6          //////////// PIN DEFINED ///////////////
   7          #define KEYPAD_PORT  P1
   8          #include"delay.h"
   9          #include"keypad.h"
  10          
  11          void main(void){
  12   1      
  13   1              while(1)
  14   1              {       
  15   2                      P2=0x02;   //7 segment display on 
  16   2                      P0=keyscan(); //send code for number to be displayed
  17   2                  delay(30000);
  18   2              }
  19   1      }


MODULE INFORMATION:   STATIC OVERLAYABLE
   CODE SIZE        =    318    ----
   CONSTANT SIZE    =     16    ----
   XDATA SIZE       =   ----    ----
   PDATA SIZE       =   ----    ----
   DATA SIZE        =   ----      16
   IDATA SIZE       =   ----    ----
   BIT SIZE         =   ----    ----
END OF MODULE INFORMATION.


C51 COMPILATION COMPLETE.  0 WARNING(S),  0 ERROR(S)
