C51 COMPILER V9.00   ROTATELEDS                                                            02/04/2021 11:43:15 PAGE 1   


C51 COMPILER V9.00, COMPILATION OF MODULE ROTATELEDS
OBJECT MODULE PLACED IN rotateLeds.OBJ
COMPILER INVOKED BY: C:\Keil\C51\BIN\C51.EXE rotateLeds.c BROWSE DEBUG OBJECTEXTEND

line level    source

   1          
   2                        ////led------Port P0 ////
   3          
   4          # include<reg51.h>
   5          void delay();
   6          void main(){     
   7   1              char arr[8] = {0X11, 0X02, 0X04, 0X08, 0X80, 0X40, 0X20, 0X10};
   8   1              int i=0;
   9   1              while(1){
  10   2                  // for alternate led blinking, change step in for loop
  11   2                      for(i=0;i<8;i+=1){
  12   3                              P0 = arr[i];
  13   3                              delay();
  14   3                      }
  15   2              }
  16   1      }
  17          void delay(){
  18   1              int i;
  19   1              for(i=0;i<=30000;i++);
  20   1      }
  21          


MODULE INFORMATION:   STATIC OVERLAYABLE
   CODE SIZE        =     76    ----
   CONSTANT SIZE    =      8    ----
   XDATA SIZE       =   ----    ----
   PDATA SIZE       =   ----    ----
   DATA SIZE        =   ----      10
   IDATA SIZE       =   ----    ----
   BIT SIZE         =   ----    ----
END OF MODULE INFORMATION.


C51 COMPILATION COMPLETE.  0 WARNING(S),  0 ERROR(S)
