C51 COMPILER V9.00   SANDPATTERN                                                           02/04/2021 11:58:15 PAGE 1   


C51 COMPILER V9.00, COMPILATION OF MODULE SANDPATTERN
OBJECT MODULE PLACED IN sandPattern.OBJ
COMPILER INVOKED BY: C:\Keil\C51\BIN\C51.EXE sandPattern.c BROWSE DEBUG OBJECTEXTEND

line level    source

   1          
   2                        ////led------Port P0 ////
   3          
   4          # include<reg51.h>
   5          void delay();
   6          void main()     {
   7   1               while(1){
   8   2                              P0=0X11;
   9   2                              delay();
  10   2                              P0=0X33;
  11   2                              delay();
  12   2                              P0=0X77;
  13   2                              delay();                        
  14   2                              P0=0XFF;
  15   2                              delay();
  16   2                      }
  17   1      }
  18          void delay(){
  19   1              int i;
  20   1              for(i=0;i<=30000;i++);
  21   1      }


MODULE INFORMATION:   STATIC OVERLAYABLE
   CODE SIZE        =     41    ----
   CONSTANT SIZE    =   ----    ----
   XDATA SIZE       =   ----    ----
   PDATA SIZE       =   ----    ----
   DATA SIZE        =   ----    ----
   IDATA SIZE       =   ----    ----
   BIT SIZE         =   ----    ----
END OF MODULE INFORMATION.


C51 COMPILATION COMPLETE.  0 WARNING(S),  0 ERROR(S)
