C51 COMPILER V9.00   LCD                                                                   02/13/2020 09:48:34 PAGE 1   


C51 COMPILER V9.00, COMPILATION OF MODULE LCD
OBJECT MODULE PLACED IN lcd.OBJ
COMPILER INVOKED BY: C:\Keil\C51\BIN\C51.EXE lcd.c BROWSE DEBUG OBJECTEXTEND

line level    source

   1          #include<reg51.h>
   2          #define lcd P1
   3          
   4          sbit rs=P2^0;
   5          sbit e=P2^1;
   6          
   7          void delay (int);
   8          void cmd (char);
   9          void display (char);
  10          void custom (void);
  11          void string (char *);
  12          void init (void);
  13          
  14          unsigned char custom_char[]= {0x00,0x04,0x0E,0x04,0x15,0x0E,0x04,0x00, 
  15                                        0x00,0x04,0x0E,0x0E,0x0E,0x1F,0x04,0x00, 
  16                                        0x00,0x0A,0x15,0x11,0x11,0x0A,0x04,0x00,
  17                                        0x0E,0x11,0x11,0x1F,0x1B,0x1B,0x1B,0x1F,
  18                                        0x0E,0x11,0x10,0x1F,0x1B,0x1B,0x1B,0x1F,
  19                                        0x00,0x0E,0x15,0x1B,0x0E,0x0E,0x00,0x00,
  20                                        };
  21                                            
  22           
  23          void delay (int d)
  24          {
  25   1              unsigned char i;
  26   1              for(;d>0;d--)
  27   1              {
  28   2                      for(i=250;i>0;i--);
  29   2                      for(i=248;i>0;i--);
  30   2              }
  31   1      }
  32          void cmd (char c)
  33          {
  34   1              lcd=c;
  35   1              rs=0;
  36   1              e=1;
  37   1              delay(5);
  38   1              e=0;
  39   1      }
  40          void display (char c)
  41          {
  42   1              lcd=c;
  43   1              rs=1;
  44   1              e=1;
  45   1              delay(5);
  46   1              e=0;
  47   1      }
  48          void custom (void)
  49          {
  50   1              int k;
  51   1              cmd(0x40);
  52   1              for(k=0;k<48;k++)
  53   1              display(custom_char[k]);
  54   1              cmd(0x80);
  55   1      }
C51 COMPILER V9.00   LCD                                                                   02/13/2020 09:48:34 PAGE 2   

  56          
  57          void string (char *p)
  58          {
  59   1              while(*p)
  60   1              {
  61   2                      display(*p++);
  62   2              }
  63   1      }
  64          void init (void)
  65          {
  66   1              cmd(0x38);
  67   1              cmd(0x0c);
  68   1              cmd(0x01);
  69   1              cmd(0x80);
  70   1      }
  71          void main()
  72          {
  73   1              init();
  74   1              custom();
  75   1              string("WELCOME YUKTI");
  76   1              cmd(0xc0);
  77   1              string("    HEYYY GALLLLL    ");
  78   1              delay(2000);
  79   1              cmd(0x01);
  80   1              cmd(0x80);
  81   1              string("  Custom Chars  ");
  82   1              cmd(0xc0);
  83   1              string("  on 16x2 LCD   ");
  84   1              delay(2000);
  85   1              cmd(0x01);
  86   1              cmd(0x80);
  87   1              string("ABCDEFGHIJKLMNOP");
  88   1              cmd(0xc0);
  89   1              string("1234567890");
  90   1              cmd(0xca);
  91   1              display(0);
  92   1              display(1);
  93   1              display(2);
  94   1              display(3);
  95   1              display(4);
  96   1              display(5);
  97   1      while(1);
  98   1      }


MODULE INFORMATION:   STATIC OVERLAYABLE
   CODE SIZE        =    275    ----
   CONSTANT SIZE    =     98    ----
   XDATA SIZE       =   ----    ----
   PDATA SIZE       =   ----    ----
   DATA SIZE        =     48       3
   IDATA SIZE       =   ----    ----
   BIT SIZE         =   ----    ----
END OF MODULE INFORMATION.


C51 COMPILATION COMPLETE.  0 WARNING(S),  0 ERROR(S)
