C51 COMPILER V9.00   PROG1                                                                 01/28/2021 10:41:05 PAGE 1   


C51 COMPILER V9.00, COMPILATION OF MODULE PROG1
OBJECT MODULE PLACED IN Prog1.OBJ
COMPILER INVOKED BY: C:\Keil\C51\BIN\C51.EXE Prog1.c BROWSE DEBUG OBJECTEXTEND

line level    source

   1          # include<reg51.h>
   2          void delay();
   3          void main()
   4          {       
   5   1              while(1)
   6   1              {
   7   2                      P0=0X01;
   8   2                      delay();
   9   2                      P0=0X02;
  10   2                      delay();
  11   2                      P0=0X04;
  12   2                      delay();                        
  13   2                      P0=0X08;
  14   2                      delay();
  15   2                      P0=0X10;
  16   2                      delay();
  17   2                      P0=0X20;
  18   2                      delay();
  19   2                      P0=0X40;
  20   2                      delay();
  21   2                      P0=0X80;
  22   2                      delay();
  23   2              }
  24   1      }
  25          void delay()
  26          {
  27   1              int i;
  28   1              for(i=0;i<=30000;i++);
  29   1      }


MODULE INFORMATION:   STATIC OVERLAYABLE
   CODE SIZE        =     65    ----
   CONSTANT SIZE    =   ----    ----
   XDATA SIZE       =   ----    ----
   PDATA SIZE       =   ----    ----
   DATA SIZE        =   ----    ----
   IDATA SIZE       =   ----    ----
   BIT SIZE         =   ----    ----
END OF MODULE INFORMATION.


C51 COMPILATION COMPLETE.  0 WARNING(S),  0 ERROR(S)
